<?xml version="1.0" encoding="UTF-8"?>
<testng-results ignored="0" total="1" passed="1" failed="0" skipped="0">
  <reporter-output>
  </reporter-output>
  <suite started-at="2020-03-04T12:19:39 EST" name="Default suite" finished-at="2020-03-04T12:19:39 EST" duration-ms="77">
    <groups>
    </groups>
    <test started-at="2020-03-04T12:19:39 EST" name="Default test" finished-at="2020-03-04T12:19:39 EST" duration-ms="77">
      <class name="com.class1.DifferentAnnotations">
        <test-method is-config="true" signature="beforeSuite()[pri:0, instance:com.class1.DifferentAnnotations@45f45fa1]" started-at="2020-03-04T12:19:39 EST" name="beforeSuite" finished-at="2020-03-04T12:19:39 EST" duration-ms="14" status="PASS">
          <reporter-output>
          </reporter-output>
        </test-method> <!-- beforeSuite -->
        <test-method is-config="true" signature="beforeTest()[pri:0, instance:com.class1.DifferentAnnotations@45f45fa1]" started-at="2020-03-04T12:19:39 EST" name="beforeTest" finished-at="2020-03-04T12:19:39 EST" duration-ms="1" status="PASS">
          <reporter-output>
          </reporter-output>
        </test-method> <!-- beforeTest -->
        <test-method is-config="true" signature="beforeClass()[pri:0, instance:com.class1.DifferentAnnotations@45f45fa1]" started-at="2020-03-04T12:19:39 EST" name="beforeClass" finished-at="2020-03-04T12:19:39 EST" duration-ms="0" status="PASS">
          <reporter-output>
          </reporter-output>
        </test-method> <!-- beforeClass -->
        <test-method is-config="true" signature="beforeMethods()[pri:0, instance:com.class1.DifferentAnnotations@45f45fa1]" started-at="2020-03-04T12:19:39 EST" name="beforeMethods" finished-at="2020-03-04T12:19:39 EST" duration-ms="1" status="PASS">
          <reporter-output>
          </reporter-output>
        </test-method> <!-- beforeMethods -->
        <test-method signature="test()[pri:0, instance:com.class1.DifferentAnnotations@45f45fa1]" started-at="2020-03-04T12:19:39 EST" name="test" finished-at="2020-03-04T12:19:39 EST" duration-ms="11" status="PASS">
          <reporter-output>
          </reporter-output>
        </test-method> <!-- test -->
        <test-method is-config="true" signature="afterMethods()[pri:0, instance:com.class1.DifferentAnnotations@45f45fa1]" started-at="2020-03-04T12:19:39 EST" name="afterMethods" finished-at="2020-03-04T12:19:39 EST" duration-ms="1" status="PASS">
          <reporter-output>
          </reporter-output>
        </test-method> <!-- afterMethods -->
        <test-method is-config="true" signature="afterClass()[pri:0, instance:com.class1.DifferentAnnotations@45f45fa1]" started-at="2020-03-04T12:19:39 EST" name="afterClass" finished-at="2020-03-04T12:19:39 EST" duration-ms="1" status="PASS">
          <reporter-output>
          </reporter-output>
        </test-method> <!-- afterClass -->
        <test-method is-config="true" signature="afterTest()[pri:0, instance:com.class1.DifferentAnnotations@45f45fa1]" started-at="2020-03-04T12:19:39 EST" name="afterTest" finished-at="2020-03-04T12:19:39 EST" duration-ms="0" status="PASS">
          <reporter-output>
          </reporter-output>
        </test-method> <!-- afterTest -->
        <test-method is-config="true" signature="afteruite()[pri:0, instance:com.class1.DifferentAnnotations@45f45fa1]" started-at="2020-03-04T12:19:39 EST" name="afteruite" finished-at="2020-03-04T12:19:39 EST" duration-ms="2" status="PASS">
          <reporter-output>
          </reporter-output>
        </test-method> <!-- afteruite -->
      </class> <!-- com.class1.DifferentAnnotations -->
    </test> <!-- Default test -->
  </suite> <!-- Default suite -->
</testng-results>
